<?xml version="1.0" encoding="UTF-8"?>
<testng-results skipped="0" failed="0" ignored="0" total="1" passed="1">
  <reporter-output>
  </reporter-output>
  <suite name="Default suite" duration-ms="20091" started-at="2019-09-18T09:50:27Z" finished-at="2019-09-18T09:50:47Z">
    <groups>
    </groups>
    <test name="Default test" duration-ms="20091" started-at="2019-09-18T09:50:27Z" finished-at="2019-09-18T09:50:47Z">
      <class name="com.amazon.testcases.BuyProductTest">
        <test-method status="PASS" signature="setup()[pri:0, instance:com.amazon.testcases.BuyProductTest@e25b2fe]" name="setup" is-config="true" duration-ms="6743" started-at="2019-09-18T09:50:27Z" finished-at="2019-09-18T09:50:34Z">
          <reporter-output>
          </reporter-output>
        </test-method> <!-- setup -->
        <test-method status="PASS" signature="showcart()[pri:0, instance:com.amazon.testcases.BuyProductTest@e25b2fe]" name="showcart" duration-ms="11133" started-at="2019-09-18T09:50:34Z" finished-at="2019-09-18T09:50:45Z">
          <reporter-output>
          </reporter-output>
        </test-method> <!-- showcart -->
        <test-method status="PASS" signature="close()[pri:0, instance:com.amazon.testcases.BuyProductTest@e25b2fe]" name="close" is-config="true" duration-ms="2193" started-at="2019-09-18T09:50:45Z" finished-at="2019-09-18T09:50:47Z">
          <reporter-output>
          </reporter-output>
        </test-method> <!-- close -->
      </class> <!-- com.amazon.testcases.BuyProductTest -->
    </test> <!-- Default test -->
  </suite> <!-- Default suite -->
</testng-results>
